#! /c/Source/iverilog-install/bin/vvp
:ivl_version "12.0 (devel)" "(s20150603-1539-g2693dd32b)";
:ivl_delay_selection "TYPICAL";
:vpi_time_precision + 0;
:vpi_module "C:\iverilog\lib\ivl\system.vpi";
:vpi_module "C:\iverilog\lib\ivl\vhdl_sys.vpi";
:vpi_module "C:\iverilog\lib\ivl\vhdl_textio.vpi";
:vpi_module "C:\iverilog\lib\ivl\v2005_math.vpi";
:vpi_module "C:\iverilog\lib\ivl\va_math.vpi";
S_000001aacab8c910 .scope module, "transaction_tb" "transaction_tb" 2 3;
 .timescale 0 0;
v000001aacab841f0_0 .var "amount", 3 0;
v000001aacab84290_0 .net "change", 3 0, v000001aacab533a0_0;  1 drivers
v000001aacab84330_0 .var "clk", 0 0;
v000001aacab843d0_0 .net "out", 0 0, v000001aacab8ccd0_0;  1 drivers
v000001aacab84470_0 .var "reset", 0 0;
S_000001aacab8caa0 .scope module, "uut" "transaction" 2 11, 3 2 0, S_000001aacab8c910;
 .timescale 0 0;
    .port_info 0 /INPUT 1 "clk";
    .port_info 1 /INPUT 4 "amount";
    .port_info 2 /INPUT 1 "reset";
    .port_info 3 /OUTPUT 1 "out";
    .port_info 4 /OUTPUT 4 "change";
P_000001aacab3bd30 .param/l "S0" 0 3 10, C4<00>;
P_000001aacab3bd68 .param/l "S1" 0 3 10, C4<01>;
P_000001aacab3bda0 .param/l "S2" 0 3 10, C4<10>;
v000001aacab53730_0 .net "amount", 3 0, v000001aacab841f0_0;  1 drivers
v000001aacab533a0_0 .var "change", 3 0;
v000001aacab53120_0 .net "clk", 0 0, v000001aacab84330_0;  1 drivers
v000001aacab8cc30_0 .var "next_state", 1 0;
v000001aacab8ccd0_0 .var "out", 0 0;
v000001aacab840b0_0 .net "reset", 0 0, v000001aacab84470_0;  1 drivers
v000001aacab84150_0 .var "state", 1 0;
E_000001aacab3b150/0 .event negedge, v000001aacab840b0_0;
E_000001aacab3b150/1 .event posedge, v000001aacab53120_0;
E_000001aacab3b150 .event/or E_000001aacab3b150/0, E_000001aacab3b150/1;
E_000001aacab3b350 .event anyedge, v000001aacab84150_0, v000001aacab53730_0;
    .scope S_000001aacab8caa0;
T_0 ;
    %wait E_000001aacab3b350;
    %load/vec4 v000001aacab84150_0;
    %dup/vec4;
    %pushi/vec4 0, 0, 2;
    %cmp/u;
    %jmp/1 T_0.0, 6;
    %dup/vec4;
    %pushi/vec4 1, 0, 2;
    %cmp/u;
    %jmp/1 T_0.1, 6;
    %dup/vec4;
    %pushi/vec4 2, 0, 2;
    %cmp/u;
    %jmp/1 T_0.2, 6;
    %jmp T_0.3;
T_0.0 ;
    %load/vec4 v000001aacab53730_0;
    %cmpi/e 0, 0, 4;
    %jmp/0xz  T_0.4, 4;
    %pushi/vec4 0, 0, 2;
    %store/vec4 v000001aacab8cc30_0, 0, 2;
    %pushi/vec4 0, 0, 4;
    %store/vec4 v000001aacab533a0_0, 0, 4;
    %pushi/vec4 0, 0, 1;
    %store/vec4 v000001aacab8ccd0_0, 0, 1;
    %jmp T_0.5;
T_0.4 ;
    %load/vec4 v000001aacab53730_0;
    %cmpi/e 5, 0, 4;
    %jmp/0xz  T_0.6, 4;
    %pushi/vec4 1, 0, 2;
    %store/vec4 v000001aacab8cc30_0, 0, 2;
    %pushi/vec4 0, 0, 4;
    %store/vec4 v000001aacab533a0_0, 0, 4;
    %pushi/vec4 0, 0, 1;
    %store/vec4 v000001aacab8ccd0_0, 0, 1;
    %jmp T_0.7;
T_0.6 ;
    %load/vec4 v000001aacab53730_0;
    %cmpi/e 10, 0, 4;
    %jmp/0xz  T_0.8, 4;
    %pushi/vec4 2, 0, 2;
    %store/vec4 v000001aacab8cc30_0, 0, 2;
    %pushi/vec4 0, 0, 4;
    %store/vec4 v000001aacab533a0_0, 0, 4;
    %pushi/vec4 0, 0, 1;
    %store/vec4 v000001aacab8ccd0_0, 0, 1;
T_0.8 ;
T_0.7 ;
T_0.5 ;
    %jmp T_0.3;
T_0.1 ;
    %load/vec4 v000001aacab53730_0;
    %cmpi/e 0, 0, 4;
    %jmp/0xz  T_0.10, 4;
    %pushi/vec4 0, 0, 2;
    %store/vec4 v000001aacab8cc30_0, 0, 2;
    %pushi/vec4 5, 0, 4;
    %store/vec4 v000001aacab533a0_0, 0, 4;
    %pushi/vec4 0, 0, 1;
    %store/vec4 v000001aacab8ccd0_0, 0, 1;
    %jmp T_0.11;
T_0.10 ;
    %load/vec4 v000001aacab53730_0;
    %cmpi/e 5, 0, 4;
    %jmp/0xz  T_0.12, 4;
    %pushi/vec4 2, 0, 2;
    %store/vec4 v000001aacab8cc30_0, 0, 2;
    %pushi/vec4 0, 0, 4;
    %store/vec4 v000001aacab533a0_0, 0, 4;
    %pushi/vec4 0, 0, 1;
    %store/vec4 v000001aacab8ccd0_0, 0, 1;
    %jmp T_0.13;
T_0.12 ;
    %load/vec4 v000001aacab53730_0;
    %cmpi/e 10, 0, 4;
    %jmp/0xz  T_0.14, 4;
    %pushi/vec4 0, 0, 2;
    %store/vec4 v000001aacab8cc30_0, 0, 2;
    %pushi/vec4 0, 0, 4;
    %store/vec4 v000001aacab533a0_0, 0, 4;
    %pushi/vec4 1, 0, 1;
    %store/vec4 v000001aacab8ccd0_0, 0, 1;
T_0.14 ;
T_0.13 ;
T_0.11 ;
    %jmp T_0.3;
T_0.2 ;
    %load/vec4 v000001aacab53730_0;
    %cmpi/e 0, 0, 4;
    %jmp/0xz  T_0.16, 4;
    %pushi/vec4 0, 0, 2;
    %store/vec4 v000001aacab8cc30_0, 0, 2;
    %pushi/vec4 10, 0, 4;
    %store/vec4 v000001aacab533a0_0, 0, 4;
    %pushi/vec4 0, 0, 1;
    %store/vec4 v000001aacab8ccd0_0, 0, 1;
    %jmp T_0.17;
T_0.16 ;
    %load/vec4 v000001aacab53730_0;
    %cmpi/e 5, 0, 4;
    %jmp/0xz  T_0.18, 4;
    %pushi/vec4 0, 0, 2;
    %store/vec4 v000001aacab8cc30_0, 0, 2;
    %pushi/vec4 0, 0, 4;
    %store/vec4 v000001aacab533a0_0, 0, 4;
    %pushi/vec4 1, 0, 1;
    %store/vec4 v000001aacab8ccd0_0, 0, 1;
    %jmp T_0.19;
T_0.18 ;
    %load/vec4 v000001aacab53730_0;
    %cmpi/e 10, 0, 4;
    %jmp/0xz  T_0.20, 4;
    %pushi/vec4 0, 0, 2;
    %store/vec4 v000001aacab8cc30_0, 0, 2;
    %pushi/vec4 5, 0, 4;
    %store/vec4 v000001aacab533a0_0, 0, 4;
    %pushi/vec4 1, 0, 1;
    %store/vec4 v000001aacab8ccd0_0, 0, 1;
T_0.20 ;
T_0.19 ;
T_0.17 ;
    %jmp T_0.3;
T_0.3 ;
    %pop/vec4 1;
    %jmp T_0;
    .thread T_0, $push;
    .scope S_000001aacab8caa0;
T_1 ;
    %wait E_000001aacab3b150;
    %load/vec4 v000001aacab840b0_0;
    %nor/r;
    %flag_set/vec4 8;
    %jmp/0xz  T_1.0, 8;
    %pushi/vec4 0, 0, 2;
    %assign/vec4 v000001aacab84150_0, 0;
    %jmp T_1.1;
T_1.0 ;
    %load/vec4 v000001aacab8cc30_0;
    %assign/vec4 v000001aacab84150_0, 0;
T_1.1 ;
    %jmp T_1;
    .thread T_1;
    .scope S_000001aacab8c910;
T_2 ;
    %pushi/vec4 0, 0, 1;
    %store/vec4 v000001aacab84330_0, 0, 1;
    %end;
    .thread T_2;
    .scope S_000001aacab8c910;
T_3 ;
    %delay 5, 0;
    %load/vec4 v000001aacab84330_0;
    %inv;
    %store/vec4 v000001aacab84330_0, 0, 1;
    %jmp T_3;
    .thread T_3;
    .scope S_000001aacab8c910;
T_4 ;
    %vpi_call 2 20 "$dumpfile", "dump.vcd" {0 0 0};
    %vpi_call 2 21 "$dumpvars", 32'sb00000000000000000000000000000000 {0 0 0};
    %end;
    .thread T_4;
    .scope S_000001aacab8c910;
T_5 ;
    %pushi/vec4 0, 0, 1;
    %store/vec4 v000001aacab84470_0, 0, 1;
    %delay 6, 0;
    %pushi/vec4 1, 0, 1;
    %store/vec4 v000001aacab84470_0, 0, 1;
    %pushi/vec4 5, 0, 4;
    %store/vec4 v000001aacab841f0_0, 0, 4;
    %delay 10, 0;
    %pushi/vec4 5, 0, 4;
    %store/vec4 v000001aacab841f0_0, 0, 4;
    %delay 10, 0;
    %pushi/vec4 10, 0, 4;
    %store/vec4 v000001aacab841f0_0, 0, 4;
    %delay 10, 0;
    %pushi/vec4 0, 0, 4;
    %store/vec4 v000001aacab841f0_0, 0, 4;
    %delay 100, 0;
    %vpi_call 2 30 "$finish" {0 0 0};
    %end;
    .thread T_5;
# The file index is used to find the file name in the following table.
:file_names 4;
    "N/A";
    "<interactive>";
    "transaction_tb.v";
    "./transaction.v";
