#! /c/Source/iverilog-install/bin/vvp
:ivl_version "12.0 (devel)" "(s20150603-1539-g2693dd32b)";
:ivl_delay_selection "TYPICAL";
:vpi_time_precision + 0;
:vpi_module "C:\iverilog\lib\ivl\system.vpi";
:vpi_module "C:\iverilog\lib\ivl\vhdl_sys.vpi";
:vpi_module "C:\iverilog\lib\ivl\vhdl_textio.vpi";
:vpi_module "C:\iverilog\lib\ivl\v2005_math.vpi";
:vpi_module "C:\iverilog\lib\ivl\va_math.vpi";
S_000001596d152ce0 .scope module, "transaction" "transaction" 2 2;
 .timescale 0 0;
    .port_info 0 /INPUT 1 "clk";
    .port_info 1 /INPUT 4 "amount";
    .port_info 2 /INPUT 1 "reset";
    .port_info 3 /OUTPUT 1 "out";
    .port_info 4 /OUTPUT 4 "change";
P_000001596d26bd30 .param/l "S0" 0 2 10, C4<00>;
P_000001596d26bd68 .param/l "S1" 0 2 10, C4<01>;
P_000001596d26bda0 .param/l "S2" 0 2 10, C4<10>;
o000001596d18cf78 .functor BUFZ 4, C4<zzzz>; HiZ drive
v000001596d1536f0_0 .net "amount", 3 0, o000001596d18cf78;  0 drivers
v000001596d153360_0 .var "change", 3 0;
o000001596d18cfd8 .functor BUFZ 1, C4<z>; HiZ drive
v000001596d152e70_0 .net "clk", 0 0, o000001596d18cfd8;  0 drivers
v000001596d152f10_0 .var "next_state", 1 0;
v000001596d152fb0_0 .var "out", 0 0;
o000001596d18d068 .functor BUFZ 1, C4<z>; HiZ drive
v000001596d153050_0 .net "reset", 0 0, o000001596d18d068;  0 drivers
v000001596d1530f0_0 .var "state", 1 0;
E_000001596d175030/0 .event negedge, v000001596d153050_0;
E_000001596d175030/1 .event posedge, v000001596d152e70_0;
E_000001596d175030 .event/or E_000001596d175030/0, E_000001596d175030/1;
E_000001596d175ef0 .event anyedge, v000001596d1530f0_0, v000001596d1536f0_0;
    .scope S_000001596d152ce0;
T_0 ;
    %wait E_000001596d175ef0;
    %load/vec4 v000001596d1530f0_0;
    %dup/vec4;
    %pushi/vec4 0, 0, 2;
    %cmp/u;
    %jmp/1 T_0.0, 6;
    %dup/vec4;
    %pushi/vec4 1, 0, 2;
    %cmp/u;
    %jmp/1 T_0.1, 6;
    %dup/vec4;
    %pushi/vec4 2, 0, 2;
    %cmp/u;
    %jmp/1 T_0.2, 6;
    %jmp T_0.3;
T_0.0 ;
    %load/vec4 v000001596d1536f0_0;
    %cmpi/e 0, 0, 4;
    %jmp/0xz  T_0.4, 4;
    %pushi/vec4 0, 0, 2;
    %store/vec4 v000001596d152f10_0, 0, 2;
    %pushi/vec4 0, 0, 4;
    %store/vec4 v000001596d153360_0, 0, 4;
    %pushi/vec4 0, 0, 1;
    %store/vec4 v000001596d152fb0_0, 0, 1;
    %jmp T_0.5;
T_0.4 ;
    %load/vec4 v000001596d1536f0_0;
    %cmpi/e 5, 0, 4;
    %jmp/0xz  T_0.6, 4;
    %pushi/vec4 1, 0, 2;
    %store/vec4 v000001596d152f10_0, 0, 2;
    %pushi/vec4 0, 0, 4;
    %store/vec4 v000001596d153360_0, 0, 4;
    %pushi/vec4 0, 0, 1;
    %store/vec4 v000001596d152fb0_0, 0, 1;
    %jmp T_0.7;
T_0.6 ;
    %load/vec4 v000001596d1536f0_0;
    %cmpi/e 10, 0, 4;
    %jmp/0xz  T_0.8, 4;
    %pushi/vec4 2, 0, 2;
    %store/vec4 v000001596d152f10_0, 0, 2;
    %pushi/vec4 0, 0, 4;
    %store/vec4 v000001596d153360_0, 0, 4;
    %pushi/vec4 0, 0, 1;
    %store/vec4 v000001596d152fb0_0, 0, 1;
T_0.8 ;
T_0.7 ;
T_0.5 ;
    %jmp T_0.3;
T_0.1 ;
    %load/vec4 v000001596d1536f0_0;
    %cmpi/e 0, 0, 4;
    %jmp/0xz  T_0.10, 4;
    %pushi/vec4 0, 0, 2;
    %store/vec4 v000001596d152f10_0, 0, 2;
    %pushi/vec4 5, 0, 4;
    %store/vec4 v000001596d153360_0, 0, 4;
    %pushi/vec4 0, 0, 1;
    %store/vec4 v000001596d152fb0_0, 0, 1;
    %jmp T_0.11;
T_0.10 ;
    %load/vec4 v000001596d1536f0_0;
    %cmpi/e 5, 0, 4;
    %jmp/0xz  T_0.12, 4;
    %pushi/vec4 2, 0, 2;
    %store/vec4 v000001596d152f10_0, 0, 2;
    %pushi/vec4 0, 0, 4;
    %store/vec4 v000001596d153360_0, 0, 4;
    %pushi/vec4 0, 0, 1;
    %store/vec4 v000001596d152fb0_0, 0, 1;
    %jmp T_0.13;
T_0.12 ;
    %load/vec4 v000001596d1536f0_0;
    %cmpi/e 10, 0, 4;
    %jmp/0xz  T_0.14, 4;
    %pushi/vec4 0, 0, 2;
    %store/vec4 v000001596d152f10_0, 0, 2;
    %pushi/vec4 0, 0, 4;
    %store/vec4 v000001596d153360_0, 0, 4;
    %pushi/vec4 1, 0, 1;
    %store/vec4 v000001596d152fb0_0, 0, 1;
T_0.14 ;
T_0.13 ;
T_0.11 ;
    %jmp T_0.3;
T_0.2 ;
    %load/vec4 v000001596d1536f0_0;
    %cmpi/e 0, 0, 4;
    %jmp/0xz  T_0.16, 4;
    %pushi/vec4 0, 0, 2;
    %store/vec4 v000001596d152f10_0, 0, 2;
    %pushi/vec4 10, 0, 4;
    %store/vec4 v000001596d153360_0, 0, 4;
    %pushi/vec4 0, 0, 1;
    %store/vec4 v000001596d152fb0_0, 0, 1;
    %jmp T_0.17;
T_0.16 ;
    %load/vec4 v000001596d1536f0_0;
    %cmpi/e 5, 0, 4;
    %jmp/0xz  T_0.18, 4;
    %pushi/vec4 0, 0, 2;
    %store/vec4 v000001596d152f10_0, 0, 2;
    %pushi/vec4 0, 0, 4;
    %store/vec4 v000001596d153360_0, 0, 4;
    %pushi/vec4 1, 0, 1;
    %store/vec4 v000001596d152fb0_0, 0, 1;
    %jmp T_0.19;
T_0.18 ;
    %load/vec4 v000001596d1536f0_0;
    %cmpi/e 10, 0, 4;
    %jmp/0xz  T_0.20, 4;
    %pushi/vec4 0, 0, 2;
    %store/vec4 v000001596d152f10_0, 0, 2;
    %pushi/vec4 5, 0, 4;
    %store/vec4 v000001596d153360_0, 0, 4;
    %pushi/vec4 1, 0, 1;
    %store/vec4 v000001596d152fb0_0, 0, 1;
T_0.20 ;
T_0.19 ;
T_0.17 ;
    %jmp T_0.3;
T_0.3 ;
    %pop/vec4 1;
    %jmp T_0;
    .thread T_0, $push;
    .scope S_000001596d152ce0;
T_1 ;
    %wait E_000001596d175030;
    %load/vec4 v000001596d153050_0;
    %nor/r;
    %flag_set/vec4 8;
    %jmp/0xz  T_1.0, 8;
    %pushi/vec4 0, 0, 2;
    %assign/vec4 v000001596d1530f0_0, 0;
    %jmp T_1.1;
T_1.0 ;
    %load/vec4 v000001596d152f10_0;
    %assign/vec4 v000001596d1530f0_0, 0;
T_1.1 ;
    %jmp T_1;
    .thread T_1;
# The file index is used to find the file name in the following table.
:file_names 3;
    "N/A";
    "<interactive>";
    "transaction.v";
